<?xml version="1.0" encoding="UTF-8"?>
<testsuite name="org.softwaregr5.dantulootravel.dantulootravel.DantulooTravelApplicationTests" tests="1" skipped="0" failures="0" errors="0" timestamp="2024-06-28T00:49:01" hostname="LAPTOP-5OI37FDV" time="1.69">
  <properties/>
  <testcase name="contextLoads()" classname="org.softwaregr5.dantulootravel.dantulootravel.DantulooTravelApplicationTests" time="1.69"/>
  <system-out><![CDATA[19:48:47.339 [Test worker] INFO org.springframework.test.context.support.AnnotationConfigContextLoaderUtils -- Could not detect default configuration classes for test class [org.softwaregr5.dantulootravel.dantulootravel.DantulooTravelApplicationTests]: DantulooTravelApplicationTests does not declare any static, non-private, non-final, nested classes annotated with @Configuration.
19:48:47.516 [Test worker] INFO org.springframework.boot.test.context.SpringBootTestContextBootstrapper -- Found @SpringBootConfiguration org.softwaregr5.dantulootravel.dantulootravel.DantulooTravelApplication for test class org.softwaregr5.dantulootravel.dantulootravel.DantulooTravelApplicationTests

  .   ____          _            __ _ _
 /\\ / ___'_ __ _ _(_)_ __  __ _ \ \ \ \
( ( )\___ | '_ | '_| | '_ \/ _` | \ \ \ \
 \\/  ___)| |_)| | | | | || (_| |  ) ) ) )
  '  |____| .__|_| |_|_| |_\__, | / / / /
 =========|_|==============|___/=/_/_/_/
 :: Spring Boot ::                (v3.2.5)

2024-06-27T19:48:48.408-05:00  INFO 14952 --- [DantulooTravel] [    Test worker] o.s.d.d.DantulooTravelApplicationTests   : Starting DantulooTravelApplicationTests using Java 17.0.8 with PID 14952 (started by USER in C:\Users\USER\Desktop\Arq. Software\DantulooTravel)
2024-06-27T19:48:48.411-05:00  INFO 14952 --- [DantulooTravel] [    Test worker] o.s.d.d.DantulooTravelApplicationTests   : No active profile set, falling back to 1 default profile: "default"
2024-06-27T19:48:51.709-05:00  INFO 14952 --- [DantulooTravel] [    Test worker] .s.d.r.c.RepositoryConfigurationDelegate : Bootstrapping Spring Data JPA repositories in DEFAULT mode.
2024-06-27T19:48:51.818-05:00  INFO 14952 --- [DantulooTravel] [    Test worker] .s.d.r.c.RepositoryConfigurationDelegate : Finished Spring Data repository scanning in 96 ms. Found 4 JPA repository interfaces.
2024-06-27T19:48:52.956-05:00  INFO 14952 --- [DantulooTravel] [    Test worker] com.zaxxer.hikari.HikariDataSource       : HikariPool-1 - Starting...
2024-06-27T19:48:53.368-05:00  INFO 14952 --- [DantulooTravel] [    Test worker] com.zaxxer.hikari.pool.HikariPool        : HikariPool-1 - Added connection com.mysql.cj.jdbc.ConnectionImpl@5158a9f7
2024-06-27T19:48:53.370-05:00  INFO 14952 --- [DantulooTravel] [    Test worker] com.zaxxer.hikari.HikariDataSource       : HikariPool-1 - Start completed.
2024-06-27T19:48:53.438-05:00  INFO 14952 --- [DantulooTravel] [    Test worker] o.hibernate.jpa.internal.util.LogHelper  : HHH000204: Processing PersistenceUnitInfo [name: default]
2024-06-27T19:48:53.563-05:00  INFO 14952 --- [DantulooTravel] [    Test worker] org.hibernate.Version                    : HHH000412: Hibernate ORM core version 6.4.4.Final
2024-06-27T19:48:53.637-05:00  INFO 14952 --- [DantulooTravel] [    Test worker] o.h.c.internal.RegionFactoryInitiator    : HHH000026: Second-level cache disabled
2024-06-27T19:48:53.792-05:00 DEBUG 14952 --- [DantulooTravel] [    Test worker] org.hibernate.type.BasicTypeRegistry     : Adding type registration boolean -> org.hibernate.type.BasicTypeReference@c2e33
2024-06-27T19:48:53.792-05:00 DEBUG 14952 --- [DantulooTravel] [    Test worker] org.hibernate.type.BasicTypeRegistry     : Adding type registration boolean -> org.hibernate.type.BasicTypeReference@c2e33
2024-06-27T19:48:53.793-05:00 DEBUG 14952 --- [DantulooTravel] [    Test worker] org.hibernate.type.BasicTypeRegistry     : Adding type registration java.lang.Boolean -> org.hibernate.type.BasicTypeReference@c2e33
2024-06-27T19:48:53.793-05:00 DEBUG 14952 --- [DantulooTravel] [    Test worker] org.hibernate.type.BasicTypeRegistry     : Adding type registration numeric_boolean -> org.hibernate.type.BasicTypeReference@31183ee2
2024-06-27T19:48:53.794-05:00 DEBUG 14952 --- [DantulooTravel] [    Test worker] org.hibernate.type.BasicTypeRegistry     : Adding type registration org.hibernate.type.NumericBooleanConverter -> org.hibernate.type.BasicTypeReference@31183ee2
2024-06-27T19:48:53.795-05:00 DEBUG 14952 --- [DantulooTravel] [    Test worker] org.hibernate.type.BasicTypeRegistry     : Adding type registration true_false -> org.hibernate.type.BasicTypeReference@63f3366a
2024-06-27T19:48:53.796-05:00 DEBUG 14952 --- [DantulooTravel] [    Test worker] org.hibernate.type.BasicTypeRegistry     : Adding type registration org.hibernate.type.TrueFalseConverter -> org.hibernate.type.BasicTypeReference@63f3366a
2024-06-27T19:48:53.798-05:00 DEBUG 14952 --- [DantulooTravel] [    Test worker] org.hibernate.type.BasicTypeRegistry     : Adding type registration yes_no -> org.hibernate.type.BasicTypeReference@37e491e2
2024-06-27T19:48:53.799-05:00 DEBUG 14952 --- [DantulooTravel] [    Test worker] org.hibernate.type.BasicTypeRegistry     : Adding type registration org.hibernate.type.YesNoConverter -> org.hibernate.type.BasicTypeReference@37e491e2
2024-06-27T19:48:53.800-05:00 DEBUG 14952 --- [DantulooTravel] [    Test worker] org.hibernate.type.BasicTypeRegistry     : Adding type registration byte -> org.hibernate.type.BasicTypeReference@56f84c9b
2024-06-27T19:48:53.801-05:00 DEBUG 14952 --- [DantulooTravel] [    Test worker] org.hibernate.type.BasicTypeRegistry     : Adding type registration byte -> org.hibernate.type.BasicTypeReference@56f84c9b
2024-06-27T19:48:53.801-05:00 DEBUG 14952 --- [DantulooTravel] [    Test worker] org.hibernate.type.BasicTypeRegistry     : Adding type registration java.lang.Byte -> org.hibernate.type.BasicTypeReference@56f84c9b
2024-06-27T19:48:53.802-05:00 DEBUG 14952 --- [DantulooTravel] [    Test worker] org.hibernate.type.BasicTypeRegistry     : Adding type registration binary -> org.hibernate.type.BasicTypeReference@26679788
2024-06-27T19:48:53.804-05:00 DEBUG 14952 --- [DantulooTravel] [    Test worker] org.hibernate.type.BasicTypeRegistry     : Adding type registration byte[] -> org.hibernate.type.BasicTypeReference@26679788
2024-06-27T19:48:53.804-05:00 DEBUG 14952 --- [DantulooTravel] [    Test worker] org.hibernate.type.BasicTypeRegistry     : Adding type registration [B -> org.hibernate.type.BasicTypeReference@26679788
2024-06-27T19:48:53.805-05:00 DEBUG 14952 --- [DantulooTravel] [    Test worker] org.hibernate.type.BasicTypeRegistry     : Adding type registration binary_wrapper -> org.hibernate.type.BasicTypeReference@5bad555b
2024-06-27T19:48:53.805-05:00 DEBUG 14952 --- [DantulooTravel] [    Test worker] org.hibernate.type.BasicTypeRegistry     : Adding type registration wrapper-binary -> org.hibernate.type.BasicTypeReference@5bad555b
2024-06-27T19:48:53.806-05:00 DEBUG 14952 --- [DantulooTravel] [    Test worker] org.hibernate.type.BasicTypeRegistry     : Adding type registration image -> org.hibernate.type.BasicTypeReference@41ec4271
2024-06-27T19:48:53.808-05:00 DEBUG 14952 --- [DantulooTravel] [    Test worker] org.hibernate.type.BasicTypeRegistry     : Adding type registration blob -> org.hibernate.type.BasicTypeReference@70aa58e1
2024-06-27T19:48:53.808-05:00 DEBUG 14952 --- [DantulooTravel] [    Test worker] org.hibernate.type.BasicTypeRegistry     : Adding type registration java.sql.Blob -> org.hibernate.type.BasicTypeReference@70aa58e1
2024-06-27T19:48:53.808-05:00 DEBUG 14952 --- [DantulooTravel] [    Test worker] org.hibernate.type.BasicTypeRegistry     : Adding type registration materialized_blob -> org.hibernate.type.BasicTypeReference@154f8280
2024-06-27T19:48:53.809-05:00 DEBUG 14952 --- [DantulooTravel] [    Test worker] org.hibernate.type.BasicTypeRegistry     : Adding type registration materialized_blob_wrapper -> org.hibernate.type.BasicTypeReference@24f90aff
2024-06-27T19:48:53.809-05:00 DEBUG 14952 --- [DantulooTravel] [    Test worker] org.hibernate.type.BasicTypeRegistry     : Adding type registration short -> org.hibernate.type.BasicTypeReference@7252bdb
2024-06-27T19:48:53.809-05:00 DEBUG 14952 --- [DantulooTravel] [    Test worker] org.hibernate.type.BasicTypeRegistry     : Adding type registration short -> org.hibernate.type.BasicTypeReference@7252bdb
2024-06-27T19:48:53.810-05:00 DEBUG 14952 --- [DantulooTravel] [    Test worker] org.hibernate.type.BasicTypeRegistry     : Adding type registration java.lang.Short -> org.hibernate.type.BasicTypeReference@7252bdb
2024-06-27T19:48:53.812-05:00 DEBUG 14952 --- [DantulooTravel] [    Test worker] org.hibernate.type.BasicTypeRegistry     : Adding type registration integer -> org.hibernate.type.BasicTypeReference@25ea068e
2024-06-27T19:48:53.818-05:00 DEBUG 14952 --- [DantulooTravel] [    Test worker] org.hibernate.type.BasicTypeRegistry     : Adding type registration int -> org.hibernate.type.BasicTypeReference@25ea068e
2024-06-27T19:48:53.819-05:00 DEBUG 14952 --- [DantulooTravel] [    Test worker] org.hibernate.type.BasicTypeRegistry     : Adding type registration java.lang.Integer -> org.hibernate.type.BasicTypeReference@25ea068e
2024-06-27T19:48:53.820-05:00 DEBUG 14952 --- [DantulooTravel] [    Test worker] org.hibernate.type.BasicTypeRegistry     : Adding type registration long -> org.hibernate.type.BasicTypeReference@4cd8db31
2024-06-27T19:48:53.821-05:00 DEBUG 14952 --- [DantulooTravel] [    Test worker] org.hibernate.type.BasicTypeRegistry     : Adding type registration long -> org.hibernate.type.BasicTypeReference@4cd8db31
2024-06-27T19:48:53.821-05:00 DEBUG 14952 --- [DantulooTravel] [    Test worker] org.hibernate.type.BasicTypeRegistry     : Adding type registration java.lang.Long -> org.hibernate.type.BasicTypeReference@4cd8db31
2024-06-27T19:48:53.821-05:00 DEBUG 14952 --- [DantulooTravel] [    Test worker] org.hibernate.type.BasicTypeRegistry     : Adding type registration float -> org.hibernate.type.BasicTypeReference@201a8ea7
2024-06-27T19:48:53.822-05:00 DEBUG 14952 --- [DantulooTravel] [    Test worker] org.hibernate.type.BasicTypeRegistry     : Adding type registration float -> org.hibernate.type.BasicTypeReference@201a8ea7
2024-06-27T19:48:53.822-05:00 DEBUG 14952 --- [DantulooTravel] [    Test worker] org.hibernate.type.BasicTypeRegistry     : Adding type registration java.lang.Float -> org.hibernate.type.BasicTypeReference@201a8ea7
2024-06-27T19:48:53.823-05:00 DEBUG 14952 --- [DantulooTravel] [    Test worker] org.hibernate.type.BasicTypeRegistry     : Adding type registration double -> org.hibernate.type.BasicTypeReference@ecf028c
2024-06-27T19:48:53.823-05:00 DEBUG 14952 --- [DantulooTravel] [    Test worker] org.hibernate.type.BasicTypeRegistry     : Adding type registration double -> org.hibernate.type.BasicTypeReference@ecf028c
2024-06-27T19:48:53.823-05:00 DEBUG 14952 --- [DantulooTravel] [    Test worker] org.hibernate.type.BasicTypeRegistry     : Adding type registration java.lang.Double -> org.hibernate.type.BasicTypeReference@ecf028c
2024-06-27T19:48:53.824-05:00 DEBUG 14952 --- [DantulooTravel] [    Test worker] org.hibernate.type.BasicTypeRegistry     : Adding type registration big_integer -> org.hibernate.type.BasicTypeReference@7b64bbad
2024-06-27T19:48:53.825-05:00 DEBUG 14952 --- [DantulooTravel] [    Test worker] org.hibernate.type.BasicTypeRegistry     : Adding type registration java.math.BigInteger -> org.hibernate.type.BasicTypeReference@7b64bbad
2024-06-27T19:48:53.825-05:00 DEBUG 14952 --- [DantulooTravel] [    Test worker] org.hibernate.type.BasicTypeRegistry     : Adding type registration big_decimal -> org.hibernate.type.BasicTypeReference@71eff6a3
2024-06-27T19:48:53.825-05:00 DEBUG 14952 --- [DantulooTravel] [    Test worker] org.hibernate.type.BasicTypeRegistry     : Adding type registration java.math.BigDecimal -> org.hibernate.type.BasicTypeReference@71eff6a3
2024-06-27T19:48:53.825-05:00 DEBUG 14952 --- [DantulooTravel] [    Test worker] org.hibernate.type.BasicTypeRegistry     : Adding type registration character -> org.hibernate.type.BasicTypeReference@574218f
2024-06-27T19:48:53.825-05:00 DEBUG 14952 --- [DantulooTravel] [    Test worker] org.hibernate.type.BasicTypeRegistry     : Adding type registration char -> org.hibernate.type.BasicTypeReference@574218f
2024-06-27T19:48:53.826-05:00 DEBUG 14952 --- [DantulooTravel] [    Test worker] org.hibernate.type.BasicTypeRegistry     : Adding type registration java.lang.Character -> org.hibernate.type.BasicTypeReference@574218f
2024-06-27T19:48:53.826-05:00 DEBUG 14952 --- [DantulooTravel] [    Test worker] org.hibernate.type.BasicTypeRegistry     : Adding type registration character_nchar -> org.hibernate.type.BasicTypeReference@735988cf
2024-06-27T19:48:53.826-05:00 DEBUG 14952 --- [DantulooTravel] [    Test worker] org.hibernate.type.BasicTypeRegistry     : Adding type registration string -> org.hibernate.type.BasicTypeReference@2d3eecda
2024-06-27T19:48:53.827-05:00 DEBUG 14952 --- [DantulooTravel] [    Test worker] org.hibernate.type.BasicTypeRegistry     : Adding type registration java.lang.String -> org.hibernate.type.BasicTypeReference@2d3eecda
2024-06-27T19:48:53.827-05:00 DEBUG 14952 --- [DantulooTravel] [    Test worker] org.hibernate.type.BasicTypeRegistry     : Adding type registration nstring -> org.hibernate.type.BasicTypeReference@236a4d30
2024-06-27T19:48:53.827-05:00 DEBUG 14952 --- [DantulooTravel] [    Test worker] org.hibernate.type.BasicTypeRegistry     : Adding type registration characters -> org.hibernate.type.BasicTypeReference@736788b
2024-06-27T19:48:53.827-05:00 DEBUG 14952 --- [DantulooTravel] [    Test worker] org.hibernate.type.BasicTypeRegistry     : Adding type registration char[] -> org.hibernate.type.BasicTypeReference@736788b
2024-06-27T19:48:53.828-05:00 DEBUG 14952 --- [DantulooTravel] [    Test worker] org.hibernate.type.BasicTypeRegistry     : Adding type registration [C -> org.hibernate.type.BasicTypeReference@736788b
2024-06-27T19:48:53.831-05:00 DEBUG 14952 --- [DantulooTravel] [    Test worker] org.hibernate.type.BasicTypeRegistry     : Adding type registration wrapper-characters -> org.hibernate.type.BasicTypeReference@38968752
2024-06-27T19:48:53.831-05:00 DEBUG 14952 --- [DantulooTravel] [    Test worker] org.hibernate.type.BasicTypeRegistry     : Adding type registration text -> org.hibernate.type.BasicTypeReference@6294e4a6
2024-06-27T19:48:53.832-05:00 DEBUG 14952 --- [DantulooTravel] [    Test worker] org.hibernate.type.BasicTypeRegistry     : Adding type registration ntext -> org.hibernate.type.BasicTypeReference@13662609
2024-06-27T19:48:53.833-05:00 DEBUG 14952 --- [DantulooTravel] [    Test worker] org.hibernate.type.BasicTypeRegistry     : Adding type registration clob -> org.hibernate.type.BasicTypeReference@27a0e6ce
2024-06-27T19:48:53.834-05:00 DEBUG 14952 --- [DantulooTravel] [    Test worker] org.hibernate.type.BasicTypeRegistry     : Adding type registration java.sql.Clob -> org.hibernate.type.BasicTypeReference@27a0e6ce
2024-06-27T19:48:53.834-05:00 DEBUG 14952 --- [DantulooTravel] [    Test worker] org.hibernate.type.BasicTypeRegistry     : Adding type registration nclob -> org.hibernate.type.BasicTypeReference@2b80497f
2024-06-27T19:48:53.834-05:00 DEBUG 14952 --- [DantulooTravel] [    Test worker] org.hibernate.type.BasicTypeRegistry     : Adding type registration java.sql.NClob -> org.hibernate.type.BasicTypeReference@2b80497f
2024-06-27T19:48:53.835-05:00 DEBUG 14952 --- [DantulooTravel] [    Test worker] org.hibernate.type.BasicTypeRegistry     : Adding type registration materialized_clob -> org.hibernate.type.BasicTypeReference@6ef4297d
2024-06-27T19:48:53.835-05:00 DEBUG 14952 --- [DantulooTravel] [    Test worker] org.hibernate.type.BasicTypeRegistry     : Adding type registration materialized_clob_char_array -> org.hibernate.type.BasicTypeReference@4c000cc4
2024-06-27T19:48:53.835-05:00 DEBUG 14952 --- [DantulooTravel] [    Test worker] org.hibernate.type.BasicTypeRegistry     : Adding type registration materialized_clob_character_array -> org.hibernate.type.BasicTypeReference@6c36051c
2024-06-27T19:48:53.835-05:00 DEBUG 14952 --- [DantulooTravel] [    Test worker] org.hibernate.type.BasicTypeRegistry     : Adding type registration materialized_nclob -> org.hibernate.type.BasicTypeReference@45d46254
2024-06-27T19:48:53.836-05:00 DEBUG 14952 --- [DantulooTravel] [    Test worker] org.hibernate.type.BasicTypeRegistry     : Adding type registration materialized_nclob_character_array -> org.hibernate.type.BasicTypeReference@a240452
2024-06-27T19:48:53.836-05:00 DEBUG 14952 --- [DantulooTravel] [    Test worker] org.hibernate.type.BasicTypeRegistry     : Adding type registration materialized_nclob_char_array -> org.hibernate.type.BasicTypeReference@460e5ffe
2024-06-27T19:48:53.836-05:00 DEBUG 14952 --- [DantulooTravel] [    Test worker] org.hibernate.type.BasicTypeRegistry     : Adding type registration Duration -> org.hibernate.type.BasicTypeReference@1a4cbcc6
2024-06-27T19:48:53.836-05:00 DEBUG 14952 --- [DantulooTravel] [    Test worker] org.hibernate.type.BasicTypeRegistry     : Adding type registration java.time.Duration -> org.hibernate.type.BasicTypeReference@1a4cbcc6
2024-06-27T19:48:53.836-05:00 DEBUG 14952 --- [DantulooTravel] [    Test worker] org.hibernate.type.BasicTypeRegistry     : Adding type registration LocalDateTime -> org.hibernate.type.BasicTypeReference@7cecab19
2024-06-27T19:48:53.837-05:00 DEBUG 14952 --- [DantulooTravel] [    Test worker] org.hibernate.type.BasicTypeRegistry     : Adding type registration java.time.LocalDateTime -> org.hibernate.type.BasicTypeReference@7cecab19
2024-06-27T19:48:53.837-05:00 DEBUG 14952 --- [DantulooTravel] [    Test worker] org.hibernate.type.BasicTypeRegistry     : Adding type registration LocalDate -> org.hibernate.type.BasicTypeReference@56402642
2024-06-27T19:48:53.837-05:00 DEBUG 14952 --- [DantulooTravel] [    Test worker] org.hibernate.type.BasicTypeRegistry     : Adding type registration java.time.LocalDate -> org.hibernate.type.BasicTypeReference@56402642
2024-06-27T19:48:53.837-05:00 DEBUG 14952 --- [DantulooTravel] [    Test worker] org.hibernate.type.BasicTypeRegistry     : Adding type registration LocalTime -> org.hibernate.type.BasicTypeReference@620572db
2024-06-27T19:48:53.837-05:00 DEBUG 14952 --- [DantulooTravel] [    Test worker] org.hibernate.type.BasicTypeRegistry     : Adding type registration java.time.LocalTime -> org.hibernate.type.BasicTypeReference@620572db
2024-06-27T19:48:53.837-05:00 DEBUG 14952 --- [DantulooTravel] [    Test worker] org.hibernate.type.BasicTypeRegistry     : Adding type registration OffsetDateTime -> org.hibernate.type.BasicTypeReference@1d5048d1
2024-06-27T19:48:53.838-05:00 DEBUG 14952 --- [DantulooTravel] [    Test worker] org.hibernate.type.BasicTypeRegistry     : Adding type registration java.time.OffsetDateTime -> org.hibernate.type.BasicTypeReference@1d5048d1
2024-06-27T19:48:53.839-05:00 DEBUG 14952 --- [DantulooTravel] [    Test worker] org.hibernate.type.BasicTypeRegistry     : Adding type registration OffsetDateTimeWithTimezone -> org.hibernate.type.BasicTypeReference@47d9c01
2024-06-27T19:48:53.839-05:00 DEBUG 14952 --- [DantulooTravel] [    Test worker] org.hibernate.type.BasicTypeRegistry     : Adding type registration OffsetDateTimeWithoutTimezone -> org.hibernate.type.BasicTypeReference@5358c8fa
2024-06-27T19:48:53.839-05:00 DEBUG 14952 --- [DantulooTravel] [    Test worker] org.hibernate.type.BasicTypeRegistry     : Adding type registration OffsetTime -> org.hibernate.type.BasicTypeReference@1a02ebe0
2024-06-27T19:48:53.839-05:00 DEBUG 14952 --- [DantulooTravel] [    Test worker] org.hibernate.type.BasicTypeRegistry     : Adding type registration java.time.OffsetTime -> org.hibernate.type.BasicTypeReference@1a02ebe0
2024-06-27T19:48:53.839-05:00 DEBUG 14952 --- [DantulooTravel] [    Test worker] org.hibernate.type.BasicTypeRegistry     : Adding type registration OffsetTimeUtc -> org.hibernate.type.BasicTypeReference@58b3eb1
2024-06-27T19:48:53.839-05:00 DEBUG 14952 --- [DantulooTravel] [    Test worker] org.hibernate.type.BasicTypeRegistry     : Adding type registration OffsetTimeWithTimezone -> org.hibernate.type.BasicTypeReference@6d7e2795
2024-06-27T19:48:53.840-05:00 DEBUG 14952 --- [DantulooTravel] [    Test worker] org.hibernate.type.BasicTypeRegistry     : Adding type registration OffsetTimeWithoutTimezone -> org.hibernate.type.BasicTypeReference@78743dd8
2024-06-27T19:48:53.841-05:00 DEBUG 14952 --- [DantulooTravel] [    Test worker] org.hibernate.type.BasicTypeRegistry     : Adding type registration ZonedDateTime -> org.hibernate.type.BasicTypeReference@752494dd
2024-06-27T19:48:53.841-05:00 DEBUG 14952 --- [DantulooTravel] [    Test worker] org.hibernate.type.BasicTypeRegistry     : Adding type registration java.time.ZonedDateTime -> org.hibernate.type.BasicTypeReference@752494dd
2024-06-27T19:48:53.841-05:00 DEBUG 14952 --- [DantulooTravel] [    Test worker] org.hibernate.type.BasicTypeRegistry     : Adding type registration ZonedDateTimeWithTimezone -> org.hibernate.type.BasicTypeReference@2986427e
2024-06-27T19:48:53.841-05:00 DEBUG 14952 --- [DantulooTravel] [    Test worker] org.hibernate.type.BasicTypeRegistry     : Adding type registration ZonedDateTimeWithoutTimezone -> org.hibernate.type.BasicTypeReference@35d88a54
2024-06-27T19:48:53.841-05:00 DEBUG 14952 --- [DantulooTravel] [    Test worker] org.hibernate.type.BasicTypeRegistry     : Adding type registration date -> org.hibernate.type.BasicTypeReference@6c1bebca
2024-06-27T19:48:53.841-05:00 DEBUG 14952 --- [DantulooTravel] [    Test worker] org.hibernate.type.BasicTypeRegistry     : Adding type registration java.sql.Date -> org.hibernate.type.BasicTypeReference@6c1bebca
2024-06-27T19:48:53.841-05:00 DEBUG 14952 --- [DantulooTravel] [    Test worker] org.hibernate.type.BasicTypeRegistry     : Adding type registration time -> org.hibernate.type.BasicTypeReference@3d4818e8
2024-06-27T19:48:53.841-05:00 DEBUG 14952 --- [DantulooTravel] [    Test worker] org.hibernate.type.BasicTypeRegistry     : Adding type registration java.sql.Time -> org.hibernate.type.BasicTypeReference@3d4818e8
2024-06-27T19:48:53.841-05:00 DEBUG 14952 --- [DantulooTravel] [    Test worker] org.hibernate.type.BasicTypeRegistry     : Adding type registration timestamp -> org.hibernate.type.BasicTypeReference@26c6288d
2024-06-27T19:48:53.842-05:00 DEBUG 14952 --- [DantulooTravel] [    Test worker] org.hibernate.type.BasicTypeRegistry     : Adding type registration java.sql.Timestamp -> org.hibernate.type.BasicTypeReference@26c6288d
2024-06-27T19:48:53.842-05:00 DEBUG 14952 --- [DantulooTravel] [    Test worker] org.hibernate.type.BasicTypeRegistry     : Adding type registration java.util.Date -> org.hibernate.type.BasicTypeReference@26c6288d
2024-06-27T19:48:53.842-05:00 DEBUG 14952 --- [DantulooTravel] [    Test worker] org.hibernate.type.BasicTypeRegistry     : Adding type registration calendar -> org.hibernate.type.BasicTypeReference@57bd9c2b
2024-06-27T19:48:53.843-05:00 DEBUG 14952 --- [DantulooTravel] [    Test worker] org.hibernate.type.BasicTypeRegistry     : Adding type registration java.util.Calendar -> org.hibernate.type.BasicTypeReference@57bd9c2b
2024-06-27T19:48:53.843-05:00 DEBUG 14952 --- [DantulooTravel] [    Test worker] org.hibernate.type.BasicTypeRegistry     : Adding type registration java.util.GregorianCalendar -> org.hibernate.type.BasicTypeReference@57bd9c2b
2024-06-27T19:48:53.843-05:00 DEBUG 14952 --- [DantulooTravel] [    Test worker] org.hibernate.type.BasicTypeRegistry     : Adding type registration calendar_date -> org.hibernate.type.BasicTypeReference@644b68ad
2024-06-27T19:48:53.843-05:00 DEBUG 14952 --- [DantulooTravel] [    Test worker] org.hibernate.type.BasicTypeRegistry     : Adding type registration calendar_time -> org.hibernate.type.BasicTypeReference@1939a394
2024-06-27T19:48:53.843-05:00 DEBUG 14952 --- [DantulooTravel] [    Test worker] org.hibernate.type.BasicTypeRegistry     : Adding type registration instant -> org.hibernate.type.BasicTypeReference@e2c627e
2024-06-27T19:48:53.844-05:00 DEBUG 14952 --- [DantulooTravel] [    Test worker] org.hibernate.type.BasicTypeRegistry     : Adding type registration java.time.Instant -> org.hibernate.type.BasicTypeReference@e2c627e
2024-06-27T19:48:53.844-05:00 DEBUG 14952 --- [DantulooTravel] [    Test worker] org.hibernate.type.BasicTypeRegistry     : Adding type registration uuid -> org.hibernate.type.BasicTypeReference@35cbeb54
2024-06-27T19:48:53.844-05:00 DEBUG 14952 --- [DantulooTravel] [    Test worker] org.hibernate.type.BasicTypeRegistry     : Adding type registration java.util.UUID -> org.hibernate.type.BasicTypeReference@35cbeb54
2024-06-27T19:48:53.844-05:00 DEBUG 14952 --- [DantulooTravel] [    Test worker] org.hibernate.type.BasicTypeRegistry     : Adding type registration pg-uuid -> org.hibernate.type.BasicTypeReference@35cbeb54
2024-06-27T19:48:53.844-05:00 DEBUG 14952 --- [DantulooTravel] [    Test worker] org.hibernate.type.BasicTypeRegistry     : Adding type registration uuid-binary -> org.hibernate.type.BasicTypeReference@a7ae340
2024-06-27T19:48:53.845-05:00 DEBUG 14952 --- [DantulooTravel] [    Test worker] org.hibernate.type.BasicTypeRegistry     : Adding type registration uuid-char -> org.hibernate.type.BasicTypeReference@5e8bd498
2024-06-27T19:48:53.845-05:00 DEBUG 14952 --- [DantulooTravel] [    Test worker] org.hibernate.type.BasicTypeRegistry     : Adding type registration class -> org.hibernate.type.BasicTypeReference@335972a5
2024-06-27T19:48:53.845-05:00 DEBUG 14952 --- [DantulooTravel] [    Test worker] org.hibernate.type.BasicTypeRegistry     : Adding type registration java.lang.Class -> org.hibernate.type.BasicTypeReference@335972a5
2024-06-27T19:48:53.845-05:00 DEBUG 14952 --- [DantulooTravel] [    Test worker] org.hibernate.type.BasicTypeRegistry     : Adding type registration currency -> org.hibernate.type.BasicTypeReference@59a2bed1
2024-06-27T19:48:53.845-05:00 DEBUG 14952 --- [DantulooTravel] [    Test worker] org.hibernate.type.BasicTypeRegistry     : Adding type registration Currency -> org.hibernate.type.BasicTypeReference@59a2bed1
2024-06-27T19:48:53.845-05:00 DEBUG 14952 --- [DantulooTravel] [    Test worker] org.hibernate.type.BasicTypeRegistry     : Adding type registration java.util.Currency -> org.hibernate.type.BasicTypeReference@59a2bed1
2024-06-27T19:48:53.846-05:00 DEBUG 14952 --- [DantulooTravel] [    Test worker] org.hibernate.type.BasicTypeRegistry     : Adding type registration locale -> org.hibernate.type.BasicTypeReference@49f2646
2024-06-27T19:48:53.846-05:00 DEBUG 14952 --- [DantulooTravel] [    Test worker] org.hibernate.type.BasicTypeRegistry     : Adding type registration java.util.Locale -> org.hibernate.type.BasicTypeReference@49f2646
2024-06-27T19:48:53.846-05:00 DEBUG 14952 --- [DantulooTravel] [    Test worker] org.hibernate.type.BasicTypeRegistry     : Adding type registration serializable -> org.hibernate.type.BasicTypeReference@4b00d59
2024-06-27T19:48:53.847-05:00 DEBUG 14952 --- [DantulooTravel] [    Test worker] org.hibernate.type.BasicTypeRegistry     : Adding type registration java.io.Serializable -> org.hibernate.type.BasicTypeReference@4b00d59
2024-06-27T19:48:53.859-05:00 DEBUG 14952 --- [DantulooTravel] [    Test worker] org.hibernate.type.BasicTypeRegistry     : Adding type registration timezone -> org.hibernate.type.BasicTypeReference@7c048b30
2024-06-27T19:48:53.859-05:00 DEBUG 14952 --- [DantulooTravel] [    Test worker] org.hibernate.type.BasicTypeRegistry     : Adding type registration java.util.TimeZone -> org.hibernate.type.BasicTypeReference@7c048b30
2024-06-27T19:48:53.859-05:00 DEBUG 14952 --- [DantulooTravel] [    Test worker] org.hibernate.type.BasicTypeRegistry     : Adding type registration ZoneOffset -> org.hibernate.type.BasicTypeReference@309cf657
2024-06-27T19:48:53.859-05:00 DEBUG 14952 --- [DantulooTravel] [    Test worker] org.hibernate.type.BasicTypeRegistry     : Adding type registration java.time.ZoneOffset -> org.hibernate.type.BasicTypeReference@309cf657
2024-06-27T19:48:53.859-05:00 DEBUG 14952 --- [DantulooTravel] [    Test worker] org.hibernate.type.BasicTypeRegistry     : Adding type registration url -> org.hibernate.type.BasicTypeReference@4d4c4b14
2024-06-27T19:48:53.859-05:00 DEBUG 14952 --- [DantulooTravel] [    Test worker] org.hibernate.type.BasicTypeRegistry     : Adding type registration java.net.URL -> org.hibernate.type.BasicTypeReference@4d4c4b14
2024-06-27T19:48:53.860-05:00 DEBUG 14952 --- [DantulooTravel] [    Test worker] org.hibernate.type.BasicTypeRegistry     : Adding type registration vector -> org.hibernate.type.BasicTypeReference@49925d21
2024-06-27T19:48:53.860-05:00 DEBUG 14952 --- [DantulooTravel] [    Test worker] org.hibernate.type.BasicTypeRegistry     : Adding type registration row_version -> org.hibernate.type.BasicTypeReference@11170228
2024-06-27T19:48:53.890-05:00 DEBUG 14952 --- [DantulooTravel] [    Test worker] org.hibernate.type.BasicTypeRegistry     : Adding type registration object -> org.hibernate.type.JavaObjectType@2579d8a
2024-06-27T19:48:53.890-05:00 DEBUG 14952 --- [DantulooTravel] [    Test worker] org.hibernate.type.BasicTypeRegistry     : Adding type registration java.lang.Object -> org.hibernate.type.JavaObjectType@2579d8a
2024-06-27T19:48:53.892-05:00 DEBUG 14952 --- [DantulooTravel] [    Test worker] org.hibernate.type.BasicTypeRegistry     : Adding type registration null -> org.hibernate.type.NullType@6e9f8160
2024-06-27T19:48:53.894-05:00 DEBUG 14952 --- [DantulooTravel] [    Test worker] org.hibernate.type.BasicTypeRegistry     : Adding type registration imm_date -> org.hibernate.type.BasicTypeReference@3e998033
2024-06-27T19:48:53.894-05:00 DEBUG 14952 --- [DantulooTravel] [    Test worker] org.hibernate.type.BasicTypeRegistry     : Adding type registration imm_time -> org.hibernate.type.BasicTypeReference@e1a150c
2024-06-27T19:48:53.894-05:00 DEBUG 14952 --- [DantulooTravel] [    Test worker] org.hibernate.type.BasicTypeRegistry     : Adding type registration imm_timestamp -> org.hibernate.type.BasicTypeReference@527d5e48
2024-06-27T19:48:53.894-05:00 DEBUG 14952 --- [DantulooTravel] [    Test worker] org.hibernate.type.BasicTypeRegistry     : Adding type registration imm_calendar -> org.hibernate.type.BasicTypeReference@407b41e6
2024-06-27T19:48:53.894-05:00 DEBUG 14952 --- [DantulooTravel] [    Test worker] org.hibernate.type.BasicTypeRegistry     : Adding type registration imm_calendar_date -> org.hibernate.type.BasicTypeReference@3291d9c2
2024-06-27T19:48:53.894-05:00 DEBUG 14952 --- [DantulooTravel] [    Test worker] org.hibernate.type.BasicTypeRegistry     : Adding type registration imm_calendar_time -> org.hibernate.type.BasicTypeReference@6cfd08e9
2024-06-27T19:48:53.895-05:00 DEBUG 14952 --- [DantulooTravel] [    Test worker] org.hibernate.type.BasicTypeRegistry     : Adding type registration imm_binary -> org.hibernate.type.BasicTypeReference@54ca9420
2024-06-27T19:48:53.895-05:00 DEBUG 14952 --- [DantulooTravel] [    Test worker] org.hibernate.type.BasicTypeRegistry     : Adding type registration imm_serializable -> org.hibernate.type.BasicTypeReference@4ea48b2e
2024-06-27T19:48:54.143-05:00  INFO 14952 --- [DantulooTravel] [    Test worker] o.s.o.j.p.SpringPersistenceUnitInfo      : No LoadTimeWeaver setup: ignoring JPA class transformer
2024-06-27T19:48:54.307-05:00 DEBUG 14952 --- [DantulooTravel] [    Test worker] o.h.t.d.sql.spi.DdlTypeRegistry          : addDescriptor(12, org.hibernate.type.descriptor.sql.internal.CapacityDependentDdlType@27bbe773) replaced previous registration(org.hibernate.type.descriptor.sql.internal.CapacityDependentDdlType@328e50eb)
2024-06-27T19:48:54.308-05:00 DEBUG 14952 --- [DantulooTravel] [    Test worker] o.h.t.d.sql.spi.DdlTypeRegistry          : addDescriptor(-9, org.hibernate.type.descriptor.sql.internal.CapacityDependentDdlType@2fcffc05) replaced previous registration(org.hibernate.type.descriptor.sql.internal.CapacityDependentDdlType@76d0a290)
2024-06-27T19:48:54.308-05:00 DEBUG 14952 --- [DantulooTravel] [    Test worker] o.h.t.d.sql.spi.DdlTypeRegistry          : addDescriptor(-3, org.hibernate.type.descriptor.sql.internal.CapacityDependentDdlType@ea84346) replaced previous registration(org.hibernate.type.descriptor.sql.internal.CapacityDependentDdlType@4e614370)
2024-06-27T19:48:54.308-05:00 DEBUG 14952 --- [DantulooTravel] [    Test worker] o.h.t.d.sql.spi.DdlTypeRegistry          : addDescriptor(4003, org.hibernate.type.descriptor.sql.internal.DdlTypeImpl@1e1ea16d) replaced previous registration(org.hibernate.type.descriptor.sql.internal.DdlTypeImpl@6da9541c)
2024-06-27T19:48:54.309-05:00 DEBUG 14952 --- [DantulooTravel] [    Test worker] o.h.t.d.sql.spi.DdlTypeRegistry          : addDescriptor(4001, org.hibernate.type.descriptor.sql.internal.DdlTypeImpl@2157889c) replaced previous registration(org.hibernate.type.descriptor.sql.internal.DdlTypeImpl@65e92505)
2024-06-27T19:48:54.309-05:00 DEBUG 14952 --- [DantulooTravel] [    Test worker] o.h.t.d.sql.spi.DdlTypeRegistry          : addDescriptor(4002, org.hibernate.type.descriptor.sql.internal.DdlTypeImpl@e97f51c) replaced previous registration(org.hibernate.type.descriptor.sql.internal.DdlTypeImpl@29394966)
2024-06-27T19:48:54.309-05:00 DEBUG 14952 --- [DantulooTravel] [    Test worker] o.h.t.d.sql.spi.DdlTypeRegistry          : addDescriptor(2004, org.hibernate.type.descriptor.sql.internal.CapacityDependentDdlType@343727b5) replaced previous registration(org.hibernate.type.descriptor.sql.internal.DdlTypeImpl@18dafd3b)
2024-06-27T19:48:54.309-05:00 DEBUG 14952 --- [DantulooTravel] [    Test worker] o.h.t.d.sql.spi.DdlTypeRegistry          : addDescriptor(2005, org.hibernate.type.descriptor.sql.internal.CapacityDependentDdlType@2954c429) replaced previous registration(org.hibernate.type.descriptor.sql.internal.DdlTypeImpl@4a45ca1c)
2024-06-27T19:48:54.309-05:00 DEBUG 14952 --- [DantulooTravel] [    Test worker] o.h.t.d.sql.spi.DdlTypeRegistry          : addDescriptor(2011, org.hibernate.type.descriptor.sql.internal.CapacityDependentDdlType@4742466e) replaced previous registration(org.hibernate.type.descriptor.sql.internal.DdlTypeImpl@83e5898)
2024-06-27T19:48:54.312-05:00 DEBUG 14952 --- [DantulooTravel] [    Test worker] o.h.t.d.jdbc.spi.JdbcTypeRegistry        : addDescriptor(NCharTypeDescriptor) replaced previous registration(CharTypeDescriptor)
2024-06-27T19:48:54.312-05:00 DEBUG 14952 --- [DantulooTravel] [    Test worker] o.h.t.d.jdbc.spi.JdbcTypeRegistry        : addDescriptor(NVarcharTypeDescriptor) replaced previous registration(VarcharTypeDescriptor)
2024-06-27T19:48:54.313-05:00 DEBUG 14952 --- [DantulooTravel] [    Test worker] o.h.t.d.jdbc.spi.JdbcTypeRegistry        : addDescriptor(LongNVarcharTypeDescriptor) replaced previous registration(LongVarcharTypeDescriptor)
2024-06-27T19:48:54.316-05:00 DEBUG 14952 --- [DantulooTravel] [    Test worker] o.h.t.d.jdbc.spi.JdbcTypeRegistry        : addDescriptor(NClobTypeDescriptor(DEFAULT)) replaced previous registration(ClobTypeDescriptor(DEFAULT))
2024-06-27T19:48:54.316-05:00 DEBUG 14952 --- [DantulooTravel] [    Test worker] o.h.t.d.jdbc.spi.JdbcTypeRegistry        : addDescriptor(2005, ClobTypeDescriptor(STREAM_BINDING)) replaced previous registration(ClobTypeDescriptor(DEFAULT))
2024-06-27T19:48:54.320-05:00 DEBUG 14952 --- [DantulooTravel] [    Test worker] org.hibernate.type.BasicTypeRegistry     : Adding type registration null -> org.hibernate.type.NullType@2553dcc0
2024-06-27T19:48:54.320-05:00 DEBUG 14952 --- [DantulooTravel] [    Test worker] org.hibernate.type.BasicTypeRegistry     : Type registration key [null] overrode previous entry : `org.hibernate.type.NullType@6e9f8160`
2024-06-27T19:48:54.326-05:00 DEBUG 14952 --- [DantulooTravel] [    Test worker] org.hibernate.type.BasicTypeRegistry     : Adding type registration org.hibernate.type.DurationType -> basicType@1(java.time.Duration,3015)
2024-06-27T19:48:54.326-05:00 DEBUG 14952 --- [DantulooTravel] [    Test worker] org.hibernate.type.BasicTypeRegistry     : Adding type registration Duration -> basicType@1(java.time.Duration,3015)
2024-06-27T19:48:54.326-05:00 DEBUG 14952 --- [DantulooTravel] [    Test worker] org.hibernate.type.BasicTypeRegistry     : Adding type registration java.time.Duration -> basicType@1(java.time.Duration,3015)
2024-06-27T19:48:54.331-05:00 DEBUG 14952 --- [DantulooTravel] [    Test worker] org.hibernate.type.BasicTypeRegistry     : Adding type registration org.hibernate.type.OffsetDateTimeType -> basicType@2(java.time.OffsetDateTime,3003)
2024-06-27T19:48:54.331-05:00 DEBUG 14952 --- [DantulooTravel] [    Test worker] org.hibernate.type.BasicTypeRegistry     : Adding type registration OffsetDateTime -> basicType@2(java.time.OffsetDateTime,3003)
2024-06-27T19:48:54.331-05:00 DEBUG 14952 --- [DantulooTravel] [    Test worker] org.hibernate.type.BasicTypeRegistry     : Adding type registration java.time.OffsetDateTime -> basicType@2(java.time.OffsetDateTime,3003)
2024-06-27T19:48:54.331-05:00 DEBUG 14952 --- [DantulooTravel] [    Test worker] org.hibernate.type.BasicTypeRegistry     : Adding type registration org.hibernate.type.ZonedDateTimeType -> basicType@3(java.time.ZonedDateTime,3003)
2024-06-27T19:48:54.331-05:00 DEBUG 14952 --- [DantulooTravel] [    Test worker] org.hibernate.type.BasicTypeRegistry     : Adding type registration ZonedDateTime -> basicType@3(java.time.ZonedDateTime,3003)
2024-06-27T19:48:54.331-05:00 DEBUG 14952 --- [DantulooTravel] [    Test worker] org.hibernate.type.BasicTypeRegistry     : Adding type registration java.time.ZonedDateTime -> basicType@3(java.time.ZonedDateTime,3003)
2024-06-27T19:48:54.333-05:00 DEBUG 14952 --- [DantulooTravel] [    Test worker] org.hibernate.type.BasicTypeRegistry     : Adding type registration org.hibernate.type.OffsetTimeType -> basicType@4(java.time.OffsetTime,3007)
2024-06-27T19:48:54.333-05:00 DEBUG 14952 --- [DantulooTravel] [    Test worker] org.hibernate.type.BasicTypeRegistry     : Adding type registration OffsetTime -> basicType@4(java.time.OffsetTime,3007)
2024-06-27T19:48:54.333-05:00 DEBUG 14952 --- [DantulooTravel] [    Test worker] org.hibernate.type.BasicTypeRegistry     : Adding type registration java.time.OffsetTime -> basicType@4(java.time.OffsetTime,3007)
2024-06-27T19:48:54.335-05:00 DEBUG 14952 --- [DantulooTravel] [    Test worker] o.h.type.spi.TypeConfiguration$Scope     : Scoping TypeConfiguration [org.hibernate.type.spi.TypeConfiguration@344a065a] to MetadataBuildingContext [org.hibernate.boot.internal.MetadataBuildingContextRootImpl@3051e476]
2024-06-27T19:48:55.526-05:00  INFO 14952 --- [DantulooTravel] [    Test worker] o.h.e.t.j.p.i.JtaPlatformInitiator       : HHH000489: No JTA platform available (set 'hibernate.transaction.jta.platform' to enable JTA platform integration)
2024-06-27T19:48:55.526-05:00 DEBUG 14952 --- [DantulooTravel] [    Test worker] o.h.type.spi.TypeConfiguration$Scope     : Scoping TypeConfiguration [org.hibernate.type.spi.TypeConfiguration@344a065a] to SessionFactoryImplementor [org.hibernate.internal.SessionFactoryImpl@531bfe4b]
2024-06-27T19:48:55.531-05:00 TRACE 14952 --- [DantulooTravel] [    Test worker] o.h.type.spi.TypeConfiguration$Scope     : Handling #sessionFactoryCreated from [org.hibernate.internal.SessionFactoryImpl@531bfe4b] for TypeConfiguration
2024-06-27T19:48:55.532-05:00  INFO 14952 --- [DantulooTravel] [    Test worker] j.LocalContainerEntityManagerFactoryBean : Initialized JPA EntityManagerFactory for persistence unit 'default'
2024-06-27T19:48:56.827-05:00  WARN 14952 --- [DantulooTravel] [    Test worker] JpaBaseConfiguration$JpaWebConfiguration : spring.jpa.open-in-view is enabled by default. Therefore, database queries may be performed during view rendering. Explicitly configure spring.jpa.open-in-view to disable this warning
2024-06-27T19:48:58.775-05:00  INFO 14952 --- [DantulooTravel] [    Test worker] o.s.b.a.e.web.EndpointLinksResolver      : Exposing 1 endpoint(s) beneath base path '/actuator'
2024-06-27T19:48:58.968-05:00  INFO 14952 --- [DantulooTravel] [    Test worker] o.s.s.web.DefaultSecurityFilterChain     : Will secure any request with [org.springframework.security.web.session.DisableEncodeUrlFilter@ecc5101, org.springframework.security.web.context.request.async.WebAsyncManagerIntegrationFilter@26501edd, org.springframework.security.web.context.SecurityContextHolderFilter@28e12bc5, org.springframework.security.web.header.HeaderWriterFilter@7c09037a, org.springframework.web.filter.CorsFilter@bcde468, org.springframework.security.web.authentication.logout.LogoutFilter@7cf618f3, org.softwaregr5.dantulootravel.dantulootravel.repos.security.LoggingFilter@13231e7b, org.softwaregr5.dantulootravel.dantulootravel.repos.security.JwtRequestFilter@68ac6e6e, org.springframework.security.web.savedrequest.RequestCacheAwareFilter@5cb3c9e6, org.springframework.security.web.servletapi.SecurityContextHolderAwareRequestFilter@3a6ae0f0, org.springframework.security.web.authentication.AnonymousAuthenticationFilter@6be7a271, org.springframework.security.web.session.SessionManagementFilter@391cc6cf, org.springframework.security.web.access.ExceptionTranslationFilter@423325e0, org.springframework.security.web.access.intercept.AuthorizationFilter@57a259c1]
2024-06-27T19:49:01.572-05:00  INFO 14952 --- [DantulooTravel] [    Test worker] o.s.d.d.DantulooTravelApplicationTests   : Started DantulooTravelApplicationTests in 13.804 seconds (process running for 15.463)
]]></system-out>
  <system-err><![CDATA[]]></system-err>
</testsuite>
